TN:
SF:/Users/njeringigi/Andela Projects/LMS/sms-manager/src/routes.js
FNF:0
FNH:0
DA:1,1
DA:2,1
DA:3,1
DA:4,1
DA:5,1
DA:6,1
DA:7,1
DA:9,1
DA:11,1
DA:12,1
DA:14,1
DA:15,1
DA:16,1
DA:17,1
DA:19,1
DA:20,1
DA:21,1
DA:22,1
DA:24,1
LF:19
LH:19
BRF:0
BRH:0
end_of_record
TN:
SF:/Users/njeringigi/Andela Projects/LMS/sms-manager/src/controllers/sms.js
FN:9,(anonymous_0)
FN:30,(anonymous_1)
FN:36,(anonymous_2)
FN:37,(anonymous_3)
FN:42,(anonymous_4)
FN:45,(anonymous_5)
FN:49,(anonymous_6)
FN:52,(anonymous_7)
FNF:8
FNH:8
FNDA:4,(anonymous_0)
FNDA:1,(anonymous_1)
FNDA:2,(anonymous_2)
FNDA:1,(anonymous_3)
FNDA:1,(anonymous_4)
FNDA:2,(anonymous_5)
FNDA:1,(anonymous_6)
FNDA:1,(anonymous_7)
DA:1,1
DA:2,1
DA:3,1
DA:6,1
DA:8,1
DA:10,4
DA:11,4
DA:12,4
DA:14,4
DA:15,1
DA:18,3
DA:21,3
DA:22,3
DA:25,3
DA:27,3
DA:31,1
DA:32,1
DA:33,1
DA:34,1
DA:36,2
DA:37,1
DA:39,1
DA:43,1
DA:44,1
DA:45,2
DA:46,1
DA:50,1
DA:51,1
DA:52,1
DA:53,1
LF:30
LH:30
BRDA:14,0,0,1
BRDA:14,0,1,3
BRF:2
BRH:2
end_of_record
TN:
SF:/Users/njeringigi/Andela Projects/LMS/sms-manager/src/controllers/users.js
FN:10,(anonymous_0)
FN:23,(anonymous_1)
FN:38,(anonymous_2)
FN:42,(anonymous_3)
FN:46,(anonymous_4)
FNF:5
FNH:4
FNDA:8,(anonymous_0)
FNDA:3,(anonymous_1)
FNDA:1,(anonymous_2)
FNDA:3,(anonymous_3)
FNDA:0,(anonymous_4)
DA:1,1
DA:2,1
DA:3,1
DA:4,1
DA:5,1
DA:7,1
DA:9,1
DA:11,8
DA:12,8
DA:13,8
DA:14,8
DA:15,8
DA:16,8
DA:20,8
DA:21,8
DA:24,3
DA:25,3
DA:27,3
DA:28,2
DA:29,2
DA:30,1
DA:31,1
DA:35,2
DA:39,1
DA:43,3
DA:44,3
DA:45,3
DA:46,3
DA:47,3
DA:48,3
LF:30
LH:30
BRDA:27,0,0,2
BRDA:27,0,1,1
BRDA:29,1,0,1
BRDA:29,1,1,1
BRF:4
BRH:4
end_of_record
TN:
SF:/Users/njeringigi/Andela Projects/LMS/sms-manager/src/middlewares/authentication.js
FN:8,(anonymous_0)
FNF:1
FNH:1
FNDA:20,(anonymous_0)
DA:1,1
DA:2,1
DA:3,1
DA:5,1
DA:7,1
DA:9,20
DA:10,20
DA:11,20
DA:12,16
DA:13,16
DA:14,16
DA:15,14
DA:17,2
DA:21,4
LF:14
LH:14
BRDA:12,0,0,16
BRDA:12,0,1,0
BRDA:14,1,0,14
BRDA:14,1,1,2
BRF:4
BRH:3
end_of_record
TN:
SF:/Users/njeringigi/Andela Projects/LMS/sms-manager/src/middlewares/validate.js
FN:4,(anonymous_0)
FN:38,(anonymous_1)
FN:46,(anonymous_2)
FNF:3
FNH:3
FNDA:14,(anonymous_0)
FNDA:4,(anonymous_1)
FNDA:7,(anonymous_2)
DA:1,1
DA:3,1
DA:5,14
DA:6,14
DA:8,14
DA:9,14
DA:10,14
DA:12,14
DA:14,14
DA:15,2
DA:18,14
DA:19,4
DA:22,14
DA:23,3
DA:26,14
DA:27,1
DA:28,1
DA:31,14
DA:32,6
DA:34,8
DA:39,4
DA:40,4
DA:41,1
DA:43,3
DA:47,7
DA:48,7
DA:49,7
DA:50,7
DA:52,7
DA:54,7
DA:55,2
DA:56,5
DA:57,1
DA:58,1
DA:61,7
DA:62,3
DA:63,4
LF:37
LH:37
BRDA:5,0,0,0
BRDA:5,1,0,0
BRDA:5,2,0,0
BRDA:14,3,0,2
BRDA:14,3,1,12
BRDA:14,4,0,14
BRDA:14,4,1,12
BRDA:18,5,0,4
BRDA:18,5,1,10
BRDA:18,6,0,14
BRDA:18,6,1,11
BRDA:22,7,0,3
BRDA:22,7,1,11
BRDA:26,8,0,1
BRDA:26,8,1,13
BRDA:31,9,0,6
BRDA:31,9,1,8
BRDA:40,10,0,1
BRDA:40,10,1,3
BRDA:40,11,0,4
BRDA:40,11,1,3
BRDA:48,12,0,1
BRDA:48,13,0,1
BRDA:54,14,0,2
BRDA:54,14,1,5
BRDA:54,15,0,7
BRDA:54,15,1,5
BRDA:56,16,0,1
BRDA:56,16,1,4
BRDA:61,17,0,3
BRDA:61,17,1,4
BRF:31
BRH:28
end_of_record
TN:
SF:/Users/njeringigi/Andela Projects/LMS/sms-manager/src/models/sms.js
FNF:0
FNH:0
DA:1,1
LF:1
LH:1
BRF:0
BRH:0
end_of_record
TN:
SF:/Users/njeringigi/Andela Projects/LMS/sms-manager/src/models/users.js
FNF:0
FNH:0
DA:1,1
LF:1
LH:1
BRF:0
BRH:0
end_of_record
